* Thu Jul  8 09:35:12 UTC 2021
* Mon Jul 12 11:54:17 UTC 2021
* Mon Jul 12 12:21:41 UTC 2021
* Mon Jul 12 13:28:42 UTC 2021
* Mon Jul 12 13:34:18 UTC 2021
* Tue Jul 13 02:30:49 UTC 2021
* Tue Jul 13 02:51:59 UTC 2021
* Tue Jul 13 06:41:37 UTC 2021
* Wed Jul 14 05:34:57 UTC 2021
* Thu Jul 15 05:34:45 UTC 2021
* Fri Jul 16 05:34:53 UTC 2021
* Sat Jul 17 05:34:44 UTC 2021
* Sun Jul 18 05:34:57 UTC 2021
* Mon Jul 19 07:28:25 UTC 2021
* Mon Jul 19 07:32:14 UTC 2021
* Mon Jul 19 07:41:05 UTC 2021
* Tue Jul 20 05:35:02 UTC 2021
* Wed Jul 21 05:34:56 UTC 2021
* Thu Jul 22 05:35:09 UTC 2021
* Fri Jul 23 05:34:56 UTC 2021
* Sat Jul 24 05:34:49 UTC 2021
* Sun Jul 25 05:35:08 UTC 2021
* Mon Jul 26 05:34:54 UTC 2021
* Tue Jul 27 05:34:58 UTC 2021
* Wed Jul 28 05:34:49 UTC 2021
* Thu Jul 29 05:35:07 UTC 2021
* Thu Jul 29 10:28:05 UTC 2021
* Fri Jul 30 05:35:16 UTC 2021
* Sat Jul 31 05:35:04 UTC 2021
* Sun Aug  1 05:35:07 UTC 2021
* Mon Aug  2 06:28:46 UTC 2021
* Tue Aug  3 05:35:08 UTC 2021
* Tue Aug  3 09:43:04 UTC 2021
* Wed Aug  4 05:35:12 UTC 2021
* Thu Aug  5 05:35:19 UTC 2021
* Fri Aug  6 05:35:36 UTC 2021
* Sat Aug  7 05:35:22 UTC 2021
* Sun Aug  8 05:35:20 UTC 2021
* Mon Aug  9 05:35:15 UTC 2021
* Tue Aug 10 05:35:11 UTC 2021
